# JRE version: OpenJDK Runtime Environment Temurin-21.0.12.1+1 (21.0.12.1+1) (build 21.0.12.1+1-LTS)
# Java VM: OpenJDK 64-Bit Server VM Temurin-21.0.12.1+1 (21.0.12.1+1-LTS, mixed mode, sharing, tiered, compressed oops, compressed class ptrs, parallel gc, windows-amd64)
GC Precious Log:
 CardTable entry size: 512
 CPUs: 8 total, 8 available
 Memory: 6021M
 Large Page Support: Disabled
 NUMA Support: Disabled
 Compressed Oops: Enabled (32-bit)
 Alignments: Space 512K, Generation 512K, Heap 2M
 Heap Min Capacity: 100M
 Heap Initial Capacity: 100M
 Heap Max Capacity: 2G
 Pre-touch: Disabled
 Parallel Workers: 8
Heap:
 PSYoungGen      total 5632K, used 708K [0x00000000d5580000, 0x00000000d5b80000, 0x0000000100000000)
  eden space 4608K, 7% used [0x00000000d5580000,0x00000000d55d5188,0x00000000d5a00000)
  from space 1024K, 35% used [0x00000000d5a00000,0x00000000d5a5c010,0x00000000d5b00000)
  to   space 512K, 0% used [0x00000000d5b00000,0x00000000d5b00000,0x00000000d5b80000)
 ParOldGen       total 150528K, used 149577K [0x0000000080000000, 0x0000000089300000, 0x00000000d5580000)
  object space 150528K, 99% used [0x0000000080000000,0x0000000089212740,0x0000000089300000)
 Metaspace       used 79504K, committed 81152K, reserved 1179648K
  class space    used 8161K, committed 8896K, reserved 1048576K
GC Heap History (20 events):
Event: 1352.018 GC heap before
{Heap before GC invocations=192 (full 4):
 PSYoungGen      total 5632K, used 5604K [0x00000000d5580000, 0x00000000d5e00000, 0x0000000100000000)
  eden space 4608K, 100% used [0x00000000d5580000,0x00000000d5a00000,0x00000000d5a00000)
  from space 1024K, 97% used [0x00000000d5a80000,0x00000000d5b79210,0x00000000d5b80000)
  to   space 2048K, 0% used [0x00000000d5c00000,0x00000000d5c00000,0x00000000d5e00000)
 ParOldGen       total 150528K, used 113469K [0x0000000080000000, 0x0000000089300000, 0x00000000d5580000)
  object space 150528K, 75% used [0x0000000080000000,0x0000000086ecf430,0x0000000089300000)
 Metaspace       used 79255K, committed 80896K, reserved 1179648K
  class space    used 8156K, committed 8896K, reserved 1048576K
}
Event: 1352.022 GC heap after
{Heap after GC invocations=192 (full 4):
 PSYoungGen      total 5632K, used 704K [0x00000000d5580000, 0x00000000d5d00000, 0x0000000100000000)
  eden space 4608K, 0% used [0x00000000d5580000,0x00000000d5580000,0x00000000d5a00000)
  from space 1024K, 68% used [0x00000000d5c00000,0x00000000d5cb0000,0x00000000d5d00000)
  to   space 1536K, 0% used [0x00000000d5a00000,0x00000000d5a00000,0x00000000d5b80000)
 ParOldGen       total 150528K, used 114461K [0x0000000080000000, 0x0000000089300000, 0x00000000d5580000)
  object space 150528K, 76% used [0x0000000080000000,0x0000000086fc7650,0x0000000089300000)
 Metaspace       used 79255K, committed 80896K, reserved 1179648K
  class space    used 8156K, committed 8896K, reserved 1048576K
}
Event: 1823.591 GC heap before
{Heap before GC invocations=193 (full 4):
 PSYoungGen      total 5632K, used 5311K [0x00000000d5580000, 0x00000000d5d00000, 0x0000000100000000)
  eden space 4608K, 99% used [0x00000000d5580000,0x00000000d59fff38,0x00000000d5a00000)
  from space 1024K, 68% used [0x00000000d5c00000,0x00000000d5cb0000,0x00000000d5d00000)
  to   space 1536K, 0% used [0x00000000d5a00000,0x00000000d5a00000,0x00000000d5b80000)
 ParOldGen       total 150528K, used 114461K [0x0000000080000000, 0x0000000089300000, 0x00000000d5580000)
  object space 150528K, 76% used [0x0000000080000000,0x0000000086fc7650,0x0000000089300000)
 Metaspace       used 79330K, committed 80960K, reserved 1179648K
  class space    used 8158K, committed 8896K, reserved 1048576K
}
Event: 1823.596 GC heap after
{Heap after GC invocations=193 (full 4):
 PSYoungGen      total 6144K, used 224K [0x00000000d5580000, 0x00000000d5c80000, 0x0000000100000000)
  eden space 4608K, 0% used [0x00000000d5580000,0x00000000d5580000,0x00000000d5a00000)
  from space 1536K, 14% used [0x00000000d5a00000,0x00000000d5a38000,0x00000000d5b80000)
  to   space 512K, 0% used [0x00000000d5c00000,0x00000000d5c00000,0x00000000d5c80000)
 ParOldGen       total 150528K, used 115119K [0x0000000080000000, 0x0000000089300000, 0x00000000d5580000)
  object space 150528K, 76% used [0x0000000080000000,0x000000008706bde0,0x0000000089300000)
 Metaspace       used 79330K, committed 80960K, reserved 1179648K
  class space    used 8158K, committed 8896K, reserved 1048576K
}
Event: 1823.678 GC heap before
{Heap before GC invocations=194 (full 4):
 PSYoungGen      total 6144K, used 4831K [0x00000000d5580000, 0x00000000d5c80000, 0x0000000100000000)
  eden space 4608K, 99% used [0x00000000d5580000,0x00000000d59ffff8,0x00000000d5a00000)
  from space 1536K, 14% used [0x00000000d5a00000,0x00000000d5a38000,0x00000000d5b80000)
  to   space 512K, 0% used [0x00000000d5c00000,0x00000000d5c00000,0x00000000d5c80000)
 ParOldGen       total 150528K, used 115119K [0x0000000080000000, 0x0000000089300000, 0x00000000d5580000)
  object space 150528K, 76% used [0x0000000080000000,0x000000008706bde0,0x0000000089300000)
 Metaspace       used 79339K, committed 80960K, reserved 1179648K
  class space    used 8158K, committed 8896K, reserved 1048576K
}
Event: 1823.680 GC heap after
{Heap after GC invocations=194 (full 4):
 PSYoungGen      total 5120K, used 256K [0x00000000d5580000, 0x00000000d5c80000, 0x0000000100000000)
  eden space 4608K, 0% used [0x00000000d5580000,0x00000000d5580000,0x00000000d5a00000)
  from space 512K, 50% used [0x00000000d5c00000,0x00000000d5c40000,0x00000000d5c80000)
  to   space 512K, 0% used [0x00000000d5b80000,0x00000000d5b80000,0x00000000d5c00000)
 ParOldGen       total 150528K, used 115247K [0x0000000080000000, 0x0000000089300000, 0x00000000d5580000)
  object space 150528K, 76% used [0x0000000080000000,0x000000008708bdf0,0x0000000089300000)
 Metaspace       used 79339K, committed 80960K, reserved 1179648K
  class space    used 8158K, committed 8896K, reserved 1048576K
}
Event: 1823.795 GC heap before
{Heap before GC invocations=195 (full 4):
 PSYoungGen      total 5120K, used 4864K [0x00000000d5580000, 0x00000000d5c80000, 0x0000000100000000)
  eden space 4608K, 100% used [0x00000000d5580000,0x00000000d5a00000,0x00000000d5a00000)
  from space 512K, 50% used [0x00000000d5c00000,0x00000000d5c40000,0x00000000d5c80000)
  to   space 512K, 0% used [0x00000000d5b80000,0x00000000d5b80000,0x00000000d5c00000)
 ParOldGen       total 150528K, used 115247K [0x0000000080000000, 0x0000000089300000, 0x00000000d5580000)
  object space 150528K, 76% used [0x0000000080000000,0x000000008708bdf0,0x0000000089300000)
 Metaspace       used 79356K, committed 80960K, reserved 1179648K
  class space    used 8158K, committed 8896K, reserved 1048576K
}
Event: 1823.798 GC heap after
{Heap after GC invocations=195 (full 4):
 PSYoungGen      total 5120K, used 474K [0x00000000d5580000, 0x00000000d5c80000, 0x0000000100000000)
  eden space 4608K, 0% used [0x00000000d5580000,0x00000000d5580000,0x00000000d5a00000)
  from space 512K, 92% used [0x00000000d5b80000,0x00000000d5bf6920,0x00000000d5c00000)
  to   space 512K, 0% used [0x00000000d5c00000,0x00000000d5c00000,0x00000000d5c80000)
 ParOldGen       total 150528K, used 115303K [0x0000000080000000, 0x0000000089300000, 0x00000000d5580000)
  object space 150528K, 76% used [0x0000000080000000,0x0000000087099df0,0x0000000089300000)
 Metaspace       used 79356K, committed 80960K, reserved 1179648K
  class space    used 8158K, committed 8896K, reserved 1048576K
}
Event: 1823.884 GC heap before
{Heap before GC invocations=196 (full 4):
 PSYoungGen      total 5120K, used 5082K [0x00000000d5580000, 0x00000000d5c80000, 0x0000000100000000)
  eden space 4608K, 100% used [0x00000000d5580000,0x00000000d5a00000,0x00000000d5a00000)
  from space 512K, 92% used [0x00000000d5b80000,0x00000000d5bf6920,0x00000000d5c00000)
  to   space 512K, 0% used [0x00000000d5c00000,0x00000000d5c00000,0x00000000d5c80000)
 ParOldGen       total 150528K, used 115303K [0x0000000080000000, 0x0000000089300000, 0x00000000d5580000)
  object space 150528K, 76% used [0x0000000080000000,0x0000000087099df0,0x0000000089300000)
 Metaspace       used 79376K, committed 81024K, reserved 1179648K
  class space    used 8159K, committed 8896K, reserved 1048576K
}
Event: 1823.888 GC heap after
{Heap after GC invocations=196 (full 4):
 PSYoungGen      total 5120K, used 512K [0x00000000d5580000, 0x00000000d5d00000, 0x0000000100000000)
  eden space 4608K, 0% used [0x00000000d5580000,0x00000000d5580000,0x00000000d5a00000)
  from space 512K, 100% used [0x00000000d5c00000,0x00000000d5c80000,0x00000000d5c80000)
  to   space 1536K, 0% used [0x00000000d5a00000,0x00000000d5a00000,0x00000000d5b80000)
 ParOldGen       total 150528K, used 116156K [0x0000000080000000, 0x0000000089300000, 0x00000000d5580000)
  object space 150528K, 77% used [0x0000000080000000,0x000000008716f040,0x0000000089300000)
 Metaspace       used 79376K, committed 81024K, reserved 1179648K
  class space    used 8159K, committed 8896K, reserved 1048576K
}
Event: 1825.803 GC heap before
{Heap before GC invocations=197 (full 4):
 PSYoungGen      total 5120K, used 5120K [0x00000000d5580000, 0x00000000d5d00000, 0x0000000100000000)
  eden space 4608K, 100% used [0x00000000d5580000,0x00000000d5a00000,0x00000000d5a00000)
  from space 512K, 100% used [0x00000000d5c00000,0x00000000d5c80000,0x00000000d5c80000)
  to   space 1536K, 0% used [0x00000000d5a00000,0x00000000d5a00000,0x00000000d5b80000)
 ParOldGen       total 150528K, used 116156K [0x0000000080000000, 0x0000000089300000, 0x00000000d5580000)
  object space 150528K, 77% used [0x0000000080000000,0x000000008716f040,0x0000000089300000)
 Metaspace       used 79397K, committed 81024K, reserved 1179648K
  class space    used 8160K, committed 8896K, reserved 1048576K
}
Event: 1825.806 GC heap after
{Heap after GC invocations=197 (full 4):
 PSYoungGen      total 6144K, used 288K [0x00000000d5580000, 0x00000000d5c80000, 0x0000000100000000)
  eden space 4608K, 0% used [0x00000000d5580000,0x00000000d5580000,0x00000000d5a00000)
  from space 1536K, 18% used [0x00000000d5a00000,0x00000000d5a48000,0x00000000d5b80000)
  to   space 1024K, 0% used [0x00000000d5b80000,0x00000000d5b80000,0x00000000d5c80000)
 ParOldGen       total 150528K, used 116701K [0x0000000080000000, 0x0000000089300000, 0x00000000d5580000)
  object space 150528K, 77% used [0x0000000080000000,0x00000000871f7470,0x0000000089300000)
 Metaspace       used 79397K, committed 81024K, reserved 1179648K
  class space    used 8160K, committed 8896K, reserved 1048576K
}
Event: 1825.827 GC heap before
{Heap before GC invocations=198 (full 4):
 PSYoungGen      total 6144K, used 4896K [0x00000000d5580000, 0x00000000d5c80000, 0x0000000100000000)
  eden space 4608K, 100% used [0x00000000d5580000,0x00000000d5a00000,0x00000000d5a00000)
  from space 1536K, 18% used [0x00000000d5a00000,0x00000000d5a48000,0x00000000d5b80000)
  to   space 1024K, 0% used [0x00000000d5b80000,0x00000000d5b80000,0x00000000d5c80000)
 ParOldGen       total 150528K, used 116701K [0x0000000080000000, 0x0000000089300000, 0x00000000d5580000)
  object space 150528K, 77% used [0x0000000080000000,0x00000000871f7470,0x0000000089300000)
 Metaspace       used 79400K, committed 81024K, reserved 1179648K
  class space    used 8160K, committed 8896K, reserved 1048576K
}
Event: 1825.829 GC heap after
{Heap after GC invocations=198 (full 4):
 PSYoungGen      total 5632K, used 960K [0x00000000d5580000, 0x00000000d5d00000, 0x0000000100000000)
  eden space 4608K, 0% used [0x00000000d5580000,0x00000000d5580000,0x00000000d5a00000)
  from space 1024K, 93% used [0x00000000d5b80000,0x00000000d5c70020,0x00000000d5c80000)
  to   space 1536K, 0% used [0x00000000d5a00000,0x00000000d5a00000,0x00000000d5b80000)
 ParOldGen       total 150528K, used 116905K [0x0000000080000000, 0x0000000089300000, 0x00000000d5580000)
  object space 150528K, 77% used [0x0000000080000000,0x000000008722a670,0x0000000089300000)
 Metaspace       used 79400K, committed 81024K, reserved 1179648K
  class space    used 8160K, committed 8896K, reserved 1048576K
}
Event: 1825.844 GC heap before
{Heap before GC invocations=199 (full 4):
 PSYoungGen      total 5632K, used 5568K [0x00000000d5580000, 0x00000000d5d00000, 0x0000000100000000)
  eden space 4608K, 100% used [0x00000000d5580000,0x00000000d5a00000,0x00000000d5a00000)
  from space 1024K, 93% used [0x00000000d5b80000,0x00000000d5c70020,0x00000000d5c80000)
  to   space 1536K, 0% used [0x00000000d5a00000,0x00000000d5a00000,0x00000000d5b80000)
 ParOldGen       total 150528K, used 116905K [0x0000000080000000, 0x0000000089300000, 0x00000000d5580000)
  object space 150528K, 77% used [0x0000000080000000,0x000000008722a670,0x0000000089300000)
 Metaspace       used 79400K, committed 81024K, reserved 1179648K
  class space    used 8160K, committed 8896K, reserved 1048576K
}
Event: 1825.847 GC heap after
{Heap after GC invocations=199 (full 4):
 PSYoungGen      total 5632K, used 970K [0x00000000d5580000, 0x00000000d5c00000, 0x0000000100000000)
  eden space 4608K, 0% used [0x00000000d5580000,0x00000000d5580000,0x00000000d5a00000)
  from space 1024K, 94% used [0x00000000d5a00000,0x00000000d5af2910,0x00000000d5b00000)
  to   space 1024K, 0% used [0x00000000d5b00000,0x00000000d5b00000,0x00000000d5c00000)
 ParOldGen       total 150528K, used 117745K [0x0000000080000000, 0x0000000089300000, 0x00000000d5580000)
  object space 150528K, 78% used [0x0000000080000000,0x00000000872fc6a0,0x0000000089300000)
 Metaspace       used 79400K, committed 81024K, reserved 1179648K
  class space    used 8160K, committed 8896K, reserved 1048576K
}
Event: 3800.523 GC heap before
{Heap before GC invocations=200 (full 4):
 PSYoungGen      total 5632K, used 5578K [0x00000000d5580000, 0x00000000d5c00000, 0x0000000100000000)
  eden space 4608K, 100% used [0x00000000d5580000,0x00000000d5a00000,0x00000000d5a00000)
  from space 1024K, 94% used [0x00000000d5a00000,0x00000000d5af2910,0x00000000d5b00000)
  to   space 1024K, 0% used [0x00000000d5b00000,0x00000000d5b00000,0x00000000d5c00000)
 ParOldGen       total 150528K, used 117745K [0x0000000080000000, 0x0000000089300000, 0x00000000d5580000)
  object space 150528K, 78% used [0x0000000080000000,0x00000000872fc6a0,0x0000000089300000)
 Metaspace       used 79461K, committed 81024K, reserved 1179648K
  class space    used 8160K, committed 8896K, reserved 1048576K
}
Event: 3800.565 GC heap after
{Heap after GC invocations=200 (full 4):
 PSYoungGen      total 5632K, used 512K [0x00000000d5580000, 0x00000000d5c00000, 0x0000000100000000)
  eden space 4608K, 0% used [0x00000000d5580000,0x00000000d5580000,0x00000000d5a00000)
  from space 1024K, 50% used [0x00000000d5b00000,0x00000000d5b80000,0x00000000d5c00000)
  to   space 1024K, 0% used [0x00000000d5a00000,0x00000000d5a00000,0x00000000d5b00000)
 ParOldGen       total 150528K, used 118587K [0x0000000080000000, 0x0000000089300000, 0x00000000d5580000)
  object space 150528K, 78% used [0x0000000080000000,0x00000000873ceff0,0x0000000089300000)
 Metaspace       used 79461K, committed 81024K, reserved 1179648K
  class space    used 8160K, committed 8896K, reserved 1048576K
}
Event: 4100.388 GC heap before
{Heap before GC invocations=201 (full 4):
 PSYoungGen      total 5632K, used 5120K [0x00000000d5580000, 0x00000000d5c00000, 0x0000000100000000)
  eden space 4608K, 100% used [0x00000000d5580000,0x00000000d5a00000,0x00000000d5a00000)
  from space 1024K, 50% used [0x00000000d5b00000,0x00000000d5b80000,0x00000000d5c00000)
  to   space 1024K, 0% used [0x00000000d5a00000,0x00000000d5a00000,0x00000000d5b00000)
 ParOldGen       total 150528K, used 149308K [0x0000000080000000, 0x0000000089300000, 0x00000000d5580000)
  object space 150528K, 99% used [0x0000000080000000,0x00000000891cf020,0x0000000089300000)
 Metaspace       used 79504K, committed 81152K, reserved 1179648K
  class space    used 8161K, committed 8896K, reserved 1048576K
}
Event: 4100.397 GC heap after
{Heap after GC invocations=201 (full 4):
 PSYoungGen      total 5632K, used 368K [0x00000000d5580000, 0x00000000d5b80000, 0x0000000100000000)
  eden space 4608K, 0% used [0x00000000d5580000,0x00000000d5580000,0x00000000d5a00000)
  from space 1024K, 35% used [0x00000000d5a00000,0x00000000d5a5c010,0x00000000d5b00000)
  to   space 512K, 0% used [0x00000000d5b00000,0x00000000d5b00000,0x00000000d5b80000)
 ParOldGen       total 150528K, used 149577K [0x0000000080000000, 0x0000000089300000, 0x00000000d5580000)
  object space 150528K, 99% used [0x0000000080000000,0x0000000089212740,0x0000000089300000)
 Metaspace       used 79504K, committed 81152K, reserved 1179648K
  class space    used 8161K, committed 8896K, reserved 1048576K
}

